<?xml version="1.0" encoding="UTF-8"?>
<testng-results ignored="0" total="1" passed="1" failed="0" skipped="0">
  <reporter-output>
  </reporter-output>
  <suite started-at="2023-01-22T14:05:37Z" name="OnllineBanking1" finished-at="2023-01-22T14:05:46Z" duration-ms="8956">
    <groups>
    </groups>
    <test started-at="2023-01-22T14:05:37Z" name="BankingApp test" finished-at="2023-01-22T14:05:46Z" duration-ms="8956">
      <class name="com.selenium.testCases.TC_LoginTest_001">
        <test-method is-config="true" signature="setup(java.lang.String)[pri:0, instance:com.selenium.testCases.TC_LoginTest_001@49ec71f8]" started-at="2023-01-22T14:05:37Z" name="setup" finished-at="2023-01-22T14:05:42Z" duration-ms="5036" status="PASS">
          <params>
            <param index="0">
              <value>
                <![CDATA[chrome]]>
              </value>
            </param>
          </params>
          <reporter-output>
          </reporter-output>
        </test-method> <!-- setup -->
        <test-method signature="loginTest()[pri:0, instance:com.selenium.testCases.TC_LoginTest_001@49ec71f8]" started-at="2023-01-22T14:05:42Z" name="loginTest" finished-at="2023-01-22T14:05:46Z" duration-ms="3337" status="PASS">
          <reporter-output>
          </reporter-output>
        </test-method> <!-- loginTest -->
        <test-method is-config="true" signature="tearDown()[pri:0, instance:com.selenium.testCases.TC_LoginTest_001@49ec71f8]" started-at="2023-01-22T14:05:46Z" name="tearDown" finished-at="2023-01-22T14:05:46Z" duration-ms="251" status="PASS">
          <reporter-output>
          </reporter-output>
        </test-method> <!-- tearDown -->
      </class> <!-- com.selenium.testCases.TC_LoginTest_001 -->
    </test> <!-- BankingApp test -->
  </suite> <!-- OnllineBanking1 -->
</testng-results>
